<?xml version="1.0" encoding="UTF-8"?>
<!-- Generated by org.testng.reporters.JUnitXMLReporter -->
<testsuite hostname="HIBACL69316" name="Test" tests="45" failures="0" timestamp="20 Jun 2020 14:21:35 GMT" time="63.942" errors="0">
  <testcase name="@BeforeMethod launch" time="0.0" classname="com.propine.dateparser.DateParserTest">
    <failure type="org.openqa.selenium.SessionNotCreatedException" message="session not created
from chrome not reachable
  (Session info: chrome=83.0.4103.106)
Build info: version: &amp;apos;3.141.59&amp;apos;, revision: &amp;apos;e82be7d358&amp;apos;, time: &amp;apos;2018-11-14T08:17:03&amp;apos;
System info: host: &amp;apos;HIBACL69316&amp;apos;, ip: &amp;apos;192.168.1.11&amp;apos;, os.name: &amp;apos;Windows 10&amp;apos;, os.arch: &amp;apos;amd64&amp;apos;, os.version: &amp;apos;10.0&amp;apos;, java.version: &amp;apos;1.8.0_181&amp;apos;
Driver info: driver.version: ChromeDriver
remote stacktrace: Backtrace:
	Ordinal0 [0x007D9563+2725219]
	Ordinal0 [0x006D8551+1672529]
	Ordinal0 [0x005C0202+524802]
	Ordinal0 [0x005B99B2+498098]
	Ordinal0 [0x005BA09B+499867]
	Ordinal0 [0x005BAFF5+503797]
	Ordinal0 [0x005B6994+485780]
	Ordinal0 [0x005C0FF0+528368]
	Ordinal0 [0x0056D6C9+186057]
	Ordinal0 [0x0056CA3D+182845]
	Ordinal0 [0x0056A94B+174411]
	Ordinal0 [0x00552528+75048]
	Ordinal0 [0x005535A0+79264]
	Ordinal0 [0x00553539+79161]
	Ordinal0 [0x006ED607+1758727]
	GetHandleVerifier [0x008F6546+1050150]
	GetHandleVerifier [0x008F6291+1049457]
	GetHandleVerifier [0x009010D7+1094071]
	GetHandleVerifier [0x008F6B46+1051686]
	Ordinal0 [0x006E5B06+1727238]
	Ordinal0 [0x006EEB7B+1764219]
	Ordinal0 [0x006EECE3+1764579]
	Ordinal0 [0x00704C05+1854469]
	BaseThreadInitThunk [0x76F36359+25]
	RtlGetAppContainerNamedObjectPath [0x77077C24+228]
	RtlGetAppContainerNamedObjectPath [0x77077BF4+180]
">
      <![CDATA[org.openqa.selenium.SessionNotCreatedException: session not created
from chrome not reachable
  (Session info: chrome=83.0.4103.106)
Build info: version: '3.141.59', revision: 'e82be7d358', time: '2018-11-14T08:17:03'
System info: host: 'HIBACL69316', ip: '192.168.1.11', os.name: 'Windows 10', os.arch: 'amd64', os.version: '10.0', java.version: '1.8.0_181'
Driver info: driver.version: ChromeDriver
remote stacktrace: Backtrace:
	Ordinal0 [0x007D9563+2725219]
	Ordinal0 [0x006D8551+1672529]
	Ordinal0 [0x005C0202+524802]
	Ordinal0 [0x005B99B2+498098]
	Ordinal0 [0x005BA09B+499867]
	Ordinal0 [0x005BAFF5+503797]
	Ordinal0 [0x005B6994+485780]
	Ordinal0 [0x005C0FF0+528368]
	Ordinal0 [0x0056D6C9+186057]
	Ordinal0 [0x0056CA3D+182845]
	Ordinal0 [0x0056A94B+174411]
	Ordinal0 [0x00552528+75048]
	Ordinal0 [0x005535A0+79264]
	Ordinal0 [0x00553539+79161]
	Ordinal0 [0x006ED607+1758727]
	GetHandleVerifier [0x008F6546+1050150]
	GetHandleVerifier [0x008F6291+1049457]
	GetHandleVerifier [0x009010D7+1094071]
	GetHandleVerifier [0x008F6B46+1051686]
	Ordinal0 [0x006E5B06+1727238]
	Ordinal0 [0x006EEB7B+1764219]
	Ordinal0 [0x006EECE3+1764579]
	Ordinal0 [0x00704C05+1854469]
	BaseThreadInitThunk [0x76F36359+25]
	RtlGetAppContainerNamedObjectPath [0x77077C24+228]
	RtlGetAppContainerNamedObjectPath [0x77077BF4+180]

	at org.openqa.selenium.remote.W3CHandshakeResponse.lambda$errorHandler$0(W3CHandshakeResponse.java:62)
	at org.openqa.selenium.remote.HandshakeResponse.lambda$getResponseFunction$0(HandshakeResponse.java:30)
	at org.openqa.selenium.remote.ProtocolHandshake.lambda$createSession$0(ProtocolHandshake.java:126)
	at java.util.stream.ReferencePipeline$3$1.accept(ReferencePipeline.java:193)
	at java.util.Spliterators$ArraySpliterator.tryAdvance(Spliterators.java:958)
	at java.util.stream.ReferencePipeline.forEachWithCancel(ReferencePipeline.java:126)
	at java.util.stream.AbstractPipeline.copyIntoWithCancel(AbstractPipeline.java:498)
	at java.util.stream.AbstractPipeline.copyInto(AbstractPipeline.java:485)
	at java.util.stream.AbstractPipeline.wrapAndCopyInto(AbstractPipeline.java:471)
	at java.util.stream.FindOps$FindOp.evaluateSequential(FindOps.java:152)
	at java.util.stream.AbstractPipeline.evaluate(AbstractPipeline.java:234)
	at java.util.stream.ReferencePipeline.findFirst(ReferencePipeline.java:464)
	at org.openqa.selenium.remote.ProtocolHandshake.createSession(ProtocolHandshake.java:128)
	at org.openqa.selenium.remote.ProtocolHandshake.createSession(ProtocolHandshake.java:74)
	at org.openqa.selenium.remote.HttpCommandExecutor.execute(HttpCommandExecutor.java:136)
	at org.openqa.selenium.remote.service.DriverCommandExecutor.execute(DriverCommandExecutor.java:83)
	at org.openqa.selenium.remote.RemoteWebDriver.execute(RemoteWebDriver.java:552)
	at org.openqa.selenium.remote.RemoteWebDriver.startSession(RemoteWebDriver.java:213)
	at org.openqa.selenium.remote.RemoteWebDriver.<init>(RemoteWebDriver.java:131)
	at org.openqa.selenium.chrome.ChromeDriver.<init>(ChromeDriver.java:181)
	at org.openqa.selenium.chrome.ChromeDriver.<init>(ChromeDriver.java:168)
	at org.openqa.selenium.chrome.ChromeDriver.<init>(ChromeDriver.java:123)
	at com.propine.dateparser.DateParser.browserMethod(DateParser.java:36)
	at com.propine.dateparser.DateParserTest.launch(DateParserTest.java:30)
... Removed 30 stack frames]]>
    </failure>
  </testcase> <!-- @BeforeMethod launch -->
  <testcase name="@AfterMethod logoutTest" time="0.0" classname="com.propine.dateparser.DateParserTest">
    <skipped/>
  </testcase> <!-- @AfterMethod logoutTest -->
  <testcase name="@BeforeMethod launch" time="0.0" classname="com.propine.dateparser.DateParserTest">
    <skipped/>
  </testcase> <!-- @BeforeMethod launch -->
  <testcase name="@AfterMethod logoutTest" time="0.0" classname="com.propine.dateparser.DateParserTest">
    <skipped/>
  </testcase> <!-- @AfterMethod logoutTest -->
  <testcase name="@BeforeMethod launch" time="0.0" classname="com.propine.dateparser.DateParserTest">
    <skipped/>
  </testcase> <!-- @BeforeMethod launch -->
  <testcase name="@AfterMethod logoutTest" time="0.0" classname="com.propine.dateparser.DateParserTest">
    <skipped/>
  </testcase> <!-- @AfterMethod logoutTest -->
  <testcase name="@BeforeMethod launch" time="0.0" classname="com.propine.dateparser.DateParserTest">
    <skipped/>
  </testcase> <!-- @BeforeMethod launch -->
  <testcase name="@AfterMethod logoutTest" time="0.0" classname="com.propine.dateparser.DateParserTest">
    <skipped/>
  </testcase> <!-- @AfterMethod logoutTest -->
  <testcase name="@BeforeMethod launch" time="0.0" classname="com.propine.dateparser.DateParserTest">
    <skipped/>
  </testcase> <!-- @BeforeMethod launch -->
  <testcase name="@AfterMethod logoutTest" time="0.0" classname="com.propine.dateparser.DateParserTest">
    <skipped/>
  </testcase> <!-- @AfterMethod logoutTest -->
  <testcase name="@BeforeMethod launch" time="0.0" classname="com.propine.dateparser.DateParserTest">
    <skipped/>
  </testcase> <!-- @BeforeMethod launch -->
  <testcase name="@AfterMethod logoutTest" time="0.0" classname="com.propine.dateparser.DateParserTest">
    <skipped/>
  </testcase> <!-- @AfterMethod logoutTest -->
  <testcase name="@BeforeMethod launch" time="0.0" classname="com.propine.dateparser.DateParserTest">
    <skipped/>
  </testcase> <!-- @BeforeMethod launch -->
  <testcase name="@AfterMethod logoutTest" time="0.0" classname="com.propine.dateparser.DateParserTest">
    <skipped/>
  </testcase> <!-- @AfterMethod logoutTest -->
  <testcase name="@BeforeMethod launch" time="0.0" classname="com.propine.dateparser.DateParserTest">
    <skipped/>
  </testcase> <!-- @BeforeMethod launch -->
  <testcase name="@AfterMethod logoutTest" time="0.0" classname="com.propine.dateparser.DateParserTest">
    <skipped/>
  </testcase> <!-- @AfterMethod logoutTest -->
  <testcase name="@BeforeMethod launch" time="0.0" classname="com.propine.dateparser.DateParserTest">
    <skipped/>
  </testcase> <!-- @BeforeMethod launch -->
  <testcase name="@AfterMethod logoutTest" time="0.0" classname="com.propine.dateparser.DateParserTest">
    <skipped/>
  </testcase> <!-- @AfterMethod logoutTest -->
  <testcase name="@BeforeMethod launch" time="0.0" classname="com.propine.dateparser.DateParserTest">
    <skipped/>
  </testcase> <!-- @BeforeMethod launch -->
  <testcase name="@AfterMethod logoutTest" time="0.0" classname="com.propine.dateparser.DateParserTest">
    <skipped/>
  </testcase> <!-- @AfterMethod logoutTest -->
  <testcase name="@BeforeMethod launch" time="0.0" classname="com.propine.dateparser.DateParserTest">
    <skipped/>
  </testcase> <!-- @BeforeMethod launch -->
  <testcase name="@AfterMethod logoutTest" time="0.0" classname="com.propine.dateparser.DateParserTest">
    <skipped/>
  </testcase> <!-- @AfterMethod logoutTest -->
  <testcase name="@BeforeMethod launch" time="0.0" classname="com.propine.dateparser.DateParserTest">
    <skipped/>
  </testcase> <!-- @BeforeMethod launch -->
  <testcase name="@AfterMethod logoutTest" time="0.0" classname="com.propine.dateparser.DateParserTest">
    <skipped/>
  </testcase> <!-- @AfterMethod logoutTest -->
  <testcase name="@BeforeMethod launch" time="0.0" classname="com.propine.dateparser.DateParserTest">
    <skipped/>
  </testcase> <!-- @BeforeMethod launch -->
  <testcase name="@AfterMethod logoutTest" time="0.0" classname="com.propine.dateparser.DateParserTest">
    <skipped/>
  </testcase> <!-- @AfterMethod logoutTest -->
  <testcase name="@BeforeMethod launch" time="0.0" classname="com.propine.dateparser.DateParserTest">
    <skipped/>
  </testcase> <!-- @BeforeMethod launch -->
  <testcase name="@AfterMethod logoutTest" time="0.0" classname="com.propine.dateparser.DateParserTest">
    <skipped/>
  </testcase> <!-- @AfterMethod logoutTest -->
  <testcase name="@BeforeMethod launch" time="0.0" classname="com.propine.dateparser.DateParserTest">
    <skipped/>
  </testcase> <!-- @BeforeMethod launch -->
  <testcase name="@AfterMethod logoutTest" time="0.0" classname="com.propine.dateparser.DateParserTest">
    <skipped/>
  </testcase> <!-- @AfterMethod logoutTest -->
  <testcase name="@BeforeMethod launch" time="0.0" classname="com.propine.dateparser.DateParserTest">
    <skipped/>
  </testcase> <!-- @BeforeMethod launch -->
  <testcase name="@AfterMethod logoutTest" time="0.0" classname="com.propine.dateparser.DateParserTest">
    <skipped/>
  </testcase> <!-- @AfterMethod logoutTest -->
  <testcase name="@BeforeMethod launch" time="0.0" classname="com.propine.dateparser.DateParserTest">
    <skipped/>
  </testcase> <!-- @BeforeMethod launch -->
  <testcase name="@AfterMethod logoutTest" time="0.0" classname="com.propine.dateparser.DateParserTest">
    <skipped/>
  </testcase> <!-- @AfterMethod logoutTest -->
  <testcase name="@BeforeMethod launch" time="0.0" classname="com.propine.dateparser.DateParserTest">
    <skipped/>
  </testcase> <!-- @BeforeMethod launch -->
  <testcase name="@AfterMethod logoutTest" time="0.0" classname="com.propine.dateparser.DateParserTest">
    <skipped/>
  </testcase> <!-- @AfterMethod logoutTest -->
  <testcase name="@BeforeMethod launch" time="0.0" classname="com.propine.dateparser.DateParserTest">
    <skipped/>
  </testcase> <!-- @BeforeMethod launch -->
  <testcase name="@AfterMethod logoutTest" time="0.0" classname="com.propine.dateparser.DateParserTest">
    <skipped/>
  </testcase> <!-- @AfterMethod logoutTest -->
  <testcase name="@BeforeMethod launch" time="0.0" classname="com.propine.dateparser.DateParserTest">
    <skipped/>
  </testcase> <!-- @BeforeMethod launch -->
  <testcase name="@AfterMethod logoutTest" time="0.0" classname="com.propine.dateparser.DateParserTest">
    <skipped/>
  </testcase> <!-- @AfterMethod logoutTest -->
  <testcase name="@BeforeMethod launch" time="0.0" classname="com.propine.dateparser.DateParserTest">
    <skipped/>
  </testcase> <!-- @BeforeMethod launch -->
  <testcase name="@AfterMethod logoutTest" time="0.0" classname="com.propine.dateparser.DateParserTest">
    <skipped/>
  </testcase> <!-- @AfterMethod logoutTest -->
  <testcase name="@BeforeMethod launch" time="0.0" classname="com.propine.dateparser.DateParserTest">
    <skipped/>
  </testcase> <!-- @BeforeMethod launch -->
  <testcase name="@AfterMethod logoutTest" time="0.0" classname="com.propine.dateparser.DateParserTest">
    <skipped/>
  </testcase> <!-- @AfterMethod logoutTest -->
  <testcase name="@BeforeMethod launch" time="0.0" classname="com.propine.dateparser.DateParserTest">
    <skipped/>
  </testcase> <!-- @BeforeMethod launch -->
  <testcase name="@AfterMethod logoutTest" time="0.0" classname="com.propine.dateparser.DateParserTest">
    <skipped/>
  </testcase> <!-- @AfterMethod logoutTest -->
  <testcase name="@BeforeMethod launch" time="0.0" classname="com.propine.dateparser.DateParserTest">
    <skipped/>
  </testcase> <!-- @BeforeMethod launch -->
  <testcase name="@AfterMethod logoutTest" time="0.0" classname="com.propine.dateparser.DateParserTest">
    <skipped/>
  </testcase> <!-- @AfterMethod logoutTest -->
  <testcase name="@BeforeMethod launch" time="0.0" classname="com.propine.dateparser.DateParserTest">
    <skipped/>
  </testcase> <!-- @BeforeMethod launch -->
  <testcase name="@AfterMethod logoutTest" time="0.0" classname="com.propine.dateparser.DateParserTest">
    <skipped/>
  </testcase> <!-- @AfterMethod logoutTest -->
  <testcase name="@BeforeMethod launch" time="0.0" classname="com.propine.dateparser.DateParserTest">
    <skipped/>
  </testcase> <!-- @BeforeMethod launch -->
  <testcase name="@AfterMethod logoutTest" time="0.0" classname="com.propine.dateparser.DateParserTest">
    <skipped/>
  </testcase> <!-- @AfterMethod logoutTest -->
  <testcase name="@BeforeMethod launch" time="0.0" classname="com.propine.dateparser.DateParserTest">
    <skipped/>
  </testcase> <!-- @BeforeMethod launch -->
  <testcase name="@AfterMethod logoutTest" time="0.0" classname="com.propine.dateparser.DateParserTest">
    <skipped/>
  </testcase> <!-- @AfterMethod logoutTest -->
  <testcase name="@BeforeMethod launch" time="0.0" classname="com.propine.dateparser.DateParserTest">
    <skipped/>
  </testcase> <!-- @BeforeMethod launch -->
  <testcase name="@AfterMethod logoutTest" time="0.0" classname="com.propine.dateparser.DateParserTest">
    <skipped/>
  </testcase> <!-- @AfterMethod logoutTest -->
  <testcase name="@BeforeMethod launch" time="0.0" classname="com.propine.dateparser.DateParserTest">
    <skipped/>
  </testcase> <!-- @BeforeMethod launch -->
  <testcase name="@AfterMethod logoutTest" time="0.0" classname="com.propine.dateparser.DateParserTest">
    <skipped/>
  </testcase> <!-- @AfterMethod logoutTest -->
  <testcase name="@BeforeMethod launch" time="0.0" classname="com.propine.dateparser.DateParserTest">
    <skipped/>
  </testcase> <!-- @BeforeMethod launch -->
  <testcase name="@AfterMethod logoutTest" time="0.0" classname="com.propine.dateparser.DateParserTest">
    <skipped/>
  </testcase> <!-- @AfterMethod logoutTest -->
  <testcase name="@BeforeMethod launch" time="0.0" classname="com.propine.dateparser.DateParserTest">
    <skipped/>
  </testcase> <!-- @BeforeMethod launch -->
  <testcase name="@AfterMethod logoutTest" time="0.0" classname="com.propine.dateparser.DateParserTest">
    <skipped/>
  </testcase> <!-- @AfterMethod logoutTest -->
  <testcase name="@BeforeMethod launch" time="0.0" classname="com.propine.dateparser.DateParserTest">
    <skipped/>
  </testcase> <!-- @BeforeMethod launch -->
  <testcase name="@AfterMethod logoutTest" time="0.0" classname="com.propine.dateparser.DateParserTest">
    <skipped/>
  </testcase> <!-- @AfterMethod logoutTest -->
  <testcase name="@BeforeMethod launch" time="0.0" classname="com.propine.dateparser.DateParserTest">
    <skipped/>
  </testcase> <!-- @BeforeMethod launch -->
  <testcase name="@AfterMethod logoutTest" time="0.0" classname="com.propine.dateparser.DateParserTest">
    <skipped/>
  </testcase> <!-- @AfterMethod logoutTest -->
  <testcase name="@BeforeMethod launch" time="0.0" classname="com.propine.dateparser.DateParserTest">
    <skipped/>
  </testcase> <!-- @BeforeMethod launch -->
  <testcase name="@AfterMethod logoutTest" time="0.0" classname="com.propine.dateparser.DateParserTest">
    <skipped/>
  </testcase> <!-- @AfterMethod logoutTest -->
  <testcase name="@BeforeMethod launch" time="0.0" classname="com.propine.dateparser.DateParserTest">
    <skipped/>
  </testcase> <!-- @BeforeMethod launch -->
  <testcase name="@AfterMethod logoutTest" time="0.0" classname="com.propine.dateparser.DateParserTest">
    <skipped/>
  </testcase> <!-- @AfterMethod logoutTest -->
  <testcase name="@BeforeMethod launch" time="0.0" classname="com.propine.dateparser.DateParserTest">
    <skipped/>
  </testcase> <!-- @BeforeMethod launch -->
  <testcase name="@AfterMethod logoutTest" time="0.0" classname="com.propine.dateparser.DateParserTest">
    <skipped/>
  </testcase> <!-- @AfterMethod logoutTest -->
  <testcase name="@BeforeMethod launch" time="0.0" classname="com.propine.dateparser.DateParserTest">
    <skipped/>
  </testcase> <!-- @BeforeMethod launch -->
  <testcase name="@AfterMethod logoutTest" time="0.0" classname="com.propine.dateparser.DateParserTest">
    <skipped/>
  </testcase> <!-- @AfterMethod logoutTest -->
  <testcase name="@BeforeMethod launch" time="0.0" classname="com.propine.dateparser.DateParserTest">
    <skipped/>
  </testcase> <!-- @BeforeMethod launch -->
  <testcase name="@AfterMethod logoutTest" time="0.0" classname="com.propine.dateparser.DateParserTest">
    <skipped/>
  </testcase> <!-- @AfterMethod logoutTest -->
  <testcase name="@BeforeMethod launch" time="0.0" classname="com.propine.dateparser.DateParserTest">
    <skipped/>
  </testcase> <!-- @BeforeMethod launch -->
  <testcase name="@AfterMethod logoutTest" time="0.0" classname="com.propine.dateparser.DateParserTest">
    <skipped/>
  </testcase> <!-- @AfterMethod logoutTest -->
  <testcase name="@BeforeMethod launch" time="0.0" classname="com.propine.dateparser.DateParserTest">
    <skipped/>
  </testcase> <!-- @BeforeMethod launch -->
  <testcase name="@AfterMethod logoutTest" time="0.0" classname="com.propine.dateparser.DateParserTest">
    <skipped/>
  </testcase> <!-- @AfterMethod logoutTest -->
  <testcase name="@BeforeMethod launch" time="0.0" classname="com.propine.dateparser.DateParserTest">
    <skipped/>
  </testcase> <!-- @BeforeMethod launch -->
  <testcase name="@AfterMethod logoutTest" time="0.0" classname="com.propine.dateparser.DateParserTest">
    <skipped/>
  </testcase> <!-- @AfterMethod logoutTest -->
  <testcase name="dateParser" time="0.046" classname="com.propine.dateparser.DateParserTest"/>
  <testcase name="dateParser" time="0.083" classname="com.propine.dateparser.DateParserTest"/>
  <testcase name="dateParser" time="2.112" classname="com.propine.dateparser.DateParserTest"/>
  <testcase name="dateParser" time="2.249" classname="com.propine.dateparser.DateParserTest"/>
  <testcase name="dateParser" time="0.005" classname="com.propine.dateparser.DateParserTest">
    <skipped/>
  </testcase> <!-- dateParser -->
  <testcase name="dateParser" time="0.004" classname="com.propine.dateparser.DateParserTest">
    <skipped/>
  </testcase> <!-- dateParser -->
  <testcase name="dateParser" time="0.005" classname="com.propine.dateparser.DateParserTest">
    <skipped/>
  </testcase> <!-- dateParser -->
  <testcase name="dateParser" time="0.002" classname="com.propine.dateparser.DateParserTest">
    <skipped/>
  </testcase> <!-- dateParser -->
  <testcase name="dateParser" time="0.005" classname="com.propine.dateparser.DateParserTest">
    <skipped/>
  </testcase> <!-- dateParser -->
  <testcase name="dateParser" time="0.002" classname="com.propine.dateparser.DateParserTest">
    <skipped/>
  </testcase> <!-- dateParser -->
  <testcase name="dateParser" time="0.003" classname="com.propine.dateparser.DateParserTest">
    <skipped/>
  </testcase> <!-- dateParser -->
  <testcase name="dateParser" time="0.002" classname="com.propine.dateparser.DateParserTest">
    <skipped/>
  </testcase> <!-- dateParser -->
  <testcase name="dateParser" time="0.003" classname="com.propine.dateparser.DateParserTest">
    <skipped/>
  </testcase> <!-- dateParser -->
  <testcase name="dateParser" time="0.002" classname="com.propine.dateparser.DateParserTest">
    <skipped/>
  </testcase> <!-- dateParser -->
  <testcase name="dateParser" time="0.002" classname="com.propine.dateparser.DateParserTest">
    <skipped/>
  </testcase> <!-- dateParser -->
  <testcase name="dateParser" time="0.002" classname="com.propine.dateparser.DateParserTest">
    <skipped/>
  </testcase> <!-- dateParser -->
  <testcase name="dateParser" time="0.002" classname="com.propine.dateparser.DateParserTest">
    <skipped/>
  </testcase> <!-- dateParser -->
  <testcase name="dateParser" time="0.002" classname="com.propine.dateparser.DateParserTest">
    <skipped/>
  </testcase> <!-- dateParser -->
  <testcase name="dateParser" time="0.001" classname="com.propine.dateparser.DateParserTest">
    <skipped/>
  </testcase> <!-- dateParser -->
  <testcase name="dateParser" time="0.003" classname="com.propine.dateparser.DateParserTest">
    <skipped/>
  </testcase> <!-- dateParser -->
  <testcase name="dateParser" time="0.006" classname="com.propine.dateparser.DateParserTest">
    <skipped/>
  </testcase> <!-- dateParser -->
  <testcase name="dateParser" time="0.005" classname="com.propine.dateparser.DateParserTest">
    <skipped/>
  </testcase> <!-- dateParser -->
  <testcase name="dateParser" time="0.003" classname="com.propine.dateparser.DateParserTest">
    <skipped/>
  </testcase> <!-- dateParser -->
  <testcase name="dateParser" time="0.005" classname="com.propine.dateparser.DateParserTest">
    <skipped/>
  </testcase> <!-- dateParser -->
  <testcase name="dateParser" time="0.003" classname="com.propine.dateparser.DateParserTest">
    <skipped/>
  </testcase> <!-- dateParser -->
  <testcase name="dateParser" time="0.002" classname="com.propine.dateparser.DateParserTest">
    <skipped/>
  </testcase> <!-- dateParser -->
  <testcase name="dateParser" time="0.001" classname="com.propine.dateparser.DateParserTest">
    <skipped/>
  </testcase> <!-- dateParser -->
  <testcase name="dateParser" time="0.002" classname="com.propine.dateparser.DateParserTest">
    <skipped/>
  </testcase> <!-- dateParser -->
  <testcase name="dateParser" time="0.002" classname="com.propine.dateparser.DateParserTest">
    <skipped/>
  </testcase> <!-- dateParser -->
  <testcase name="dateParser" time="0.005" classname="com.propine.dateparser.DateParserTest">
    <skipped/>
  </testcase> <!-- dateParser -->
  <testcase name="dateParser" time="0.003" classname="com.propine.dateparser.DateParserTest">
    <skipped/>
  </testcase> <!-- dateParser -->
  <testcase name="dateParser" time="0.002" classname="com.propine.dateparser.DateParserTest">
    <skipped/>
  </testcase> <!-- dateParser -->
  <testcase name="dateParser" time="0.004" classname="com.propine.dateparser.DateParserTest">
    <skipped/>
  </testcase> <!-- dateParser -->
  <testcase name="dateParser" time="0.001" classname="com.propine.dateparser.DateParserTest">
    <skipped/>
  </testcase> <!-- dateParser -->
  <testcase name="dateParser" time="0.001" classname="com.propine.dateparser.DateParserTest">
    <skipped/>
  </testcase> <!-- dateParser -->
  <testcase name="dateParser" time="0.001" classname="com.propine.dateparser.DateParserTest">
    <skipped/>
  </testcase> <!-- dateParser -->
  <testcase name="dateParser" time="0.001" classname="com.propine.dateparser.DateParserTest">
    <skipped/>
  </testcase> <!-- dateParser -->
  <testcase name="dateParser" time="0.002" classname="com.propine.dateparser.DateParserTest">
    <skipped/>
  </testcase> <!-- dateParser -->
  <testcase name="dateParser" time="0.001" classname="com.propine.dateparser.DateParserTest">
    <skipped/>
  </testcase> <!-- dateParser -->
  <testcase name="dateParser" time="0.014" classname="com.propine.dateparser.DateParserTest">
    <skipped/>
  </testcase> <!-- dateParser -->
  <testcase name="dateParser" time="0.001" classname="com.propine.dateparser.DateParserTest">
    <skipped/>
  </testcase> <!-- dateParser -->
  <testcase name="dateParser" time="0.005" classname="com.propine.dateparser.DateParserTest">
    <skipped/>
  </testcase> <!-- dateParser -->
  <testcase name="dateParser" time="0.002" classname="com.propine.dateparser.DateParserTest">
    <skipped/>
  </testcase> <!-- dateParser -->
  <testcase name="dateParser" time="0.001" classname="com.propine.dateparser.DateParserTest">
    <skipped/>
  </testcase> <!-- dateParser -->
  <testcase name="dateParser" time="0.001" classname="com.propine.dateparser.DateParserTest">
    <skipped/>
  </testcase> <!-- dateParser -->
</testsuite> <!-- Test -->
